#
# There is insufficient memory for the Java Runtime Environment to continue.
# Native memory allocation (mmap) failed to map 98566144 bytes for Failed to commit area from 0x00000000a2200000 to 0x00000000a8000000 of length 98566144.
# Possible reasons:
#   The system is out of physical RAM or swap space
#   The process is running with CompressedOops enabled, and the Java Heap may be blocking the growth of the native heap
# Possible solutions:
#   Reduce memory load on the system
#   Increase physical memory or swap space
#   Check if swap backing store is full
#   Decrease Java heap size (-Xmx/-Xms)
#   Decrease number of Java threads
#   Decrease Java thread stack sizes (-Xss)
#   Set larger code cache with -XX:ReservedCodeCacheSize=
# This output file may be truncated or incomplete.
#
#  Out of Memory Error (./src/hotspot/os/windows/os_windows.cpp:3380), pid=6064, tid=21940
#
# JRE version:  (11.0.12+7) (build )
# Java VM: OpenJDK 64-Bit Server VM (11.0.12+7, mixed mode, sharing, tiered, compressed oops, g1 gc, windows-amd64)
# No core dump will be written. Minidumps are not enabled by default on client versions of Windows
#

---------------  S U M M A R Y ------------

Command Line: com.xamarin.androidx.jetifierWrapper.Main -intermediate obj\Debug\110\androidx\_AndroidXJetifyManifest.jetify -parallel

Host: AMD Ryzen 5 5500U with Radeon Graphics         , 12 cores, 5G,  Windows 10 , 64 bit Build 22000 (10.0.22000.434)
Time: Wed Apr 13 13:18:41 2022 E. Africa Standard Time elapsed time: 0.015787 seconds (0d 0h 0m 0s)

---------------  T H R E A D  ---------------

Current thread (0x0000019f38fea800):  JavaThread "Unknown thread" [_thread_in_vm, id=21940, stack(0x00000016d9500000,0x00000016d9600000)]

Stack: [0x00000016d9500000,0x00000016d9600000]
Native frames: (J=compiled Java code, j=interpreted, Vv=VM code, C=native code)
V  [jvm.dll+0x6090fa]
V  [jvm.dll+0x79229e]
V  [jvm.dll+0x79396f]
V  [jvm.dll+0x794033]
V  [jvm.dll+0x24bed8]
V  [jvm.dll+0x60624a]
V  [jvm.dll+0x5facf5]
V  [jvm.dll+0x303b5c]
V  [jvm.dll+0x3039e2]
V  [jvm.dll+0x308706]
V  [jvm.dll+0x34d5cf]
V  [jvm.dll+0x34d000]
V  [jvm.dll+0x2e0c68]
V  [jvm.dll+0x2e1dc6]
V  [jvm.dll+0x76d627]
V  [jvm.dll+0x76edaf]
V  [jvm.dll+0x35a359]
V  [jvm.dll+0x750710]
V  [jvm.dll+0x3c1f8f]
V  [jvm.dll+0x3c4461]
C  [jli.dll+0x5207]
C  [ucrtbase.dll+0x26c0c]
C  [KERNEL32.DLL+0x154e0]
C  [ntdll.dll+0x485b]


---------------  P R O C E S S  ---------------

Threads class SMR info:
_java_thread_list=0x0000019f36dd3d50, length=0, elements={
}

Java Threads: ( => current thread )

Other Threads:
  0x0000019f39002800 GCTaskThread "GC Thread#0" [stack: 0x00000016d9600000,0x00000016d9700000] [id=17536]
  0x0000019f39029000 ConcurrentGCThread "G1 Main Marker" [stack: 0x00000016d9700000,0x00000016d9800000] [id=15284]
  0x0000019f3902a000 ConcurrentGCThread "G1 Conc#0" [stack: 0x00000016d9800000,0x00000016d9900000] [id=2020]

[error occurred during error reporting (printing all threads), id 0xc0000005, EXCEPTION_ACCESS_VIOLATION (0xc0000005) at pc=0x00007ffd009c0337]

VM state:not at safepoint (not fully initialized)

VM Mutex/Monitor currently owned by a thread:  ([mutex/lock_event])
[0x0000019f38fe6d90] Heap_lock - owner thread: 0x0000019f38fea800

Heap address: 0x00000000a2200000, size: 1502 MB, Compressed Oops mode: Non-zero based: 0x00000000a2200000
Narrow klass base: 0x0000000000000000, Narrow klass shift: 0

GC Heap History (0 events):
No events

Deoptimization events (0 events):
No events

Classes redefined (0 events):
No events

Internal exceptions (0 events):
No events

Events (1 events):
Event: 0.009 Loaded shared library C:\Program Files\Microsoft\jdk-11.0.12.7-hotspot\bin\zip.dll


Dynamic libraries:
0x00007ff7daf20000 - 0x00007ff7daf2d000 	C:\Program Files\Microsoft\jdk-11.0.12.7-hotspot\bin\java.exe
0x00007ffddfce0000 - 0x00007ffddfee9000 	C:\Windows\SYSTEM32\ntdll.dll
0x00007ffddeee0000 - 0x00007ffddef9d000 	C:\Windows\System32\KERNEL32.DLL
0x00007ffddd2c0000 - 0x00007ffddd634000 	C:\Windows\System32\KERNELBASE.dll
0x00007ffddd8c0000 - 0x00007ffddd9d1000 	C:\Windows\System32\ucrtbase.dll
0x00007ffdccd90000 - 0x00007ffdccda7000 	C:\Program Files\Microsoft\jdk-11.0.12.7-hotspot\bin\jli.dll
0x00007ffdbe150000 - 0x00007ffdbe165000 	C:\Program Files\Microsoft\jdk-11.0.12.7-hotspot\bin\VCRUNTIME140.dll
0x00007ffddf1e0000 - 0x00007ffddf38c000 	C:\Windows\System32\USER32.dll
0x00007ffdcc450000 - 0x00007ffdcc6f5000 	C:\Windows\WinSxS\amd64_microsoft.windows.common-controls_6595b64144ccf1df_6.0.22000.120_none_9d947278b86cc467\COMCTL32.dll
0x00007ffddd1d0000 - 0x00007ffddd1f6000 	C:\Windows\System32\win32u.dll
0x00007ffdddb80000 - 0x00007ffdddc23000 	C:\Windows\System32\msvcrt.dll
0x00007ffdddc50000 - 0x00007ffdddc79000 	C:\Windows\System32\GDI32.dll
0x00007ffddd9e0000 - 0x00007ffdddaf2000 	C:\Windows\System32\gdi32full.dll
0x00007ffddd7b0000 - 0x00007ffddd84d000 	C:\Windows\System32\msvcp_win.dll
0x00007ffdde650000 - 0x00007ffdde681000 	C:\Windows\System32\IMM32.DLL
0x00007ffda8be0000 - 0x00007ffda8c7b000 	C:\Program Files\Microsoft\jdk-11.0.12.7-hotspot\bin\msvcp140.dll
0x00007ffd006d0000 - 0x00007ffd01231000 	C:\Program Files\Microsoft\jdk-11.0.12.7-hotspot\bin\server\jvm.dll
0x00007ffddf710000 - 0x00007ffddf7be000 	C:\Windows\System32\ADVAPI32.dll
0x00007ffdde690000 - 0x00007ffdde72e000 	C:\Windows\System32\sechost.dll
0x00007ffdde180000 - 0x00007ffdde2a0000 	C:\Windows\System32\RPCRT4.dll
0x00007ffdde4a0000 - 0x00007ffdde4a8000 	C:\Windows\System32\PSAPI.DLL
0x00007ffda4dd0000 - 0x00007ffda4dd9000 	C:\Windows\SYSTEM32\WSOCK32.dll
0x00007ffdd2bf0000 - 0x00007ffdd2bfa000 	C:\Windows\SYSTEM32\VERSION.dll
0x00007ffdde110000 - 0x00007ffdde17f000 	C:\Windows\System32\WS2_32.dll
0x00007ffdd71f0000 - 0x00007ffdd7223000 	C:\Windows\SYSTEM32\WINMM.dll
0x00007ffddc2a0000 - 0x00007ffddc2b8000 	C:\Windows\SYSTEM32\kernel.appcore.dll
0x00007ffdccf10000 - 0x00007ffdccf20000 	C:\Program Files\Microsoft\jdk-11.0.12.7-hotspot\bin\verify.dll
0x00007ffddabb0000 - 0x00007ffddadd1000 	C:\Windows\SYSTEM32\DBGHELP.DLL
0x00007ffdcad90000 - 0x00007ffdcadc1000 	C:\Windows\SYSTEM32\dbgcore.DLL
0x00007ffdddb00000 - 0x00007ffdddb7f000 	C:\Windows\System32\bcryptPrimitives.dll
0x00007ffda94d0000 - 0x00007ffda94f8000 	C:\Program Files\Microsoft\jdk-11.0.12.7-hotspot\bin\java.dll
0x00007ffdcccf0000 - 0x00007ffdcccfa000 	C:\Program Files\Microsoft\jdk-11.0.12.7-hotspot\bin\jimage.dll
0x00007ffdbd3d0000 - 0x00007ffdbd3e7000 	C:\Program Files\Microsoft\jdk-11.0.12.7-hotspot\bin\zip.dll

dbghelp: loaded successfully - version: 4.0.5 - missing functions: none
symbol engine: initialized successfully - sym options: 0x614 - pdb path: .;C:\Program Files\Microsoft\jdk-11.0.12.7-hotspot\bin;C:\Windows\SYSTEM32;C:\Windows\WinSxS\amd64_microsoft.windows.common-controls_6595b64144ccf1df_6.0.22000.120_none_9d947278b86cc467;C:\Program Files\Microsoft\jdk-11.0.12.7-hotspot\bin\server

VM Arguments:
java_command: com.xamarin.androidx.jetifierWrapper.Main -intermediate obj\Debug\110\androidx\_AndroidXJetifyManifest.jetify -parallel
java_class_path (initial): C:\Users\Khabegha Khahima\.nuget\packages\xamarin.androidx.migration\1.0.8\buildTransitive\monoandroid90\Tools/JetifierWrapper/jetifierWrapper-1.0.jar
Launcher Type: SUN_STANDARD

[Global flags]
     intx CICompilerCount                          = 4                                         {product} {ergonomic}
     uint ConcGCThreads                            = 3                                         {product} {ergonomic}
     uint G1ConcRefinementThreads                  = 10                                        {product} {ergonomic}
   size_t G1HeapRegionSize                         = 1048576                                   {product} {ergonomic}
    uintx GCDrainStackTargetSize                   = 64                                        {product} {ergonomic}
   size_t InitialHeapSize                          = 98566144                                  {product} {ergonomic}
   size_t MarkStackSize                            = 4194304                                   {product} {ergonomic}
   size_t MaxHeapSize                              = 1574961152                                {product} {ergonomic}
   size_t MinHeapDeltaBytes                        = 1048576                                   {product} {ergonomic}
    uintx NonNMethodCodeHeapSize                   = 5836300                                {pd product} {ergonomic}
    uintx NonProfiledCodeHeapSize                  = 122910970                              {pd product} {ergonomic}
    uintx ProfiledCodeHeapSize                     = 122910970                              {pd product} {ergonomic}
    uintx ReservedCodeCacheSize                    = 251658240                              {pd product} {ergonomic}
     bool SegmentedCodeCache                       = true                                      {product} {ergonomic}
     bool UseCompressedClassPointers               = true                                 {lp64_product} {ergonomic}
     bool UseCompressedOops                        = true                                 {lp64_product} {ergonomic}
     bool UseG1GC                                  = true                                      {product} {ergonomic}
     bool UseLargePagesIndividualAllocation        = false                                  {pd product} {ergonomic}

Logging:
Log output configuration:
 #0: stdout all=warning uptime,level,tags
 #1: stderr all=off uptime,level,tags

Environment Variables:
PATH=C:\Program Files\Microsoft\jdk-11.0.12.7-hotspot\bin;C:\Program Files (x86)\Common Files\Oracle\Java\javapath;C:\Windows\system32;C:\Windows;C:\Windows\System32\Wbem;C:\Windows\System32\WindowsPowerShell\v1.0\;C:\Windows\System32\OpenSSH\;C:\Program Files\Nordic Semiconductor\nrf-command-line-tools\bin\;C:\Program Files\smimesign;C:\Program Files (x86)\Gpg4win\..\GnuPG\bin;C:\Program Files\dotnet\;C:\Users\Khabegha Khahima\scoop\shims;C:\Users\Khabegha Khahima\AppData\Local\Microsoft\WindowsApps;C:\Users\Khabegha Khahima\AppData\Local\Programs\Git\cmd;C:\Users\Khabegha Khahima\AppData\Local\GitHubDesktop\bin;C:\Users\Khabegha Khahima\.dotnet\tools;C:\Users\Khabegha Khahima\AppData\Local\Programs\Microsoft VS Code\bin;C:\Program Files\JetBrains\CLion 2019.2.3\bin;C:\Program Files\JetBrains\CLion 2019.2.3\bin;;C:\flutter\bin;;C:\Program Files\JetBrains\IntelliJ IDEA Community Edition 2021.3.2\bin;;C:\Users\Khabegha Khahima\.dotnet\tools
USERNAME=Khabegha Khahima
OS=Windows_NT
PROCESSOR_IDENTIFIER=AMD64 Family 23 Model 104 Stepping 1, AuthenticAMD



---------------  S Y S T E M  ---------------

OS: Windows 10 , 64 bit Build 22000 (10.0.22000.434)
OS uptime: 4 days 4:28 hours
Hyper-V role detected

CPU:total 12 (initial active 12) (12 cores per cpu, 2 threads per core) family 23 model 104 stepping 1 microcode 0x0, cmov, cx8, fxsr, mmx, sse, sse2, sse3, ssse3, sse4.1, sse4.2, popcnt, avx, avx2, aes, clmul, mmxext, 3dnowpref, lzcnt, sse4a, ht, tsc, tscinvbit, tscinv, bmi1, bmi2, adx, sha, fma

Memory: 4k page, system-wide physical 6005M (429M free)
TotalPageFile size 24437M (AvailPageFile size 53M)
current process WorkingSet (physical memory assigned to process): 10M, peak: 10M
current process commit charge ("private bytes"): 64M, peak: 158M

vm_info: OpenJDK 64-Bit Server VM (11.0.12+7) for windows-amd64 JRE (11.0.12+7), built on Jul 21 2021 15:41:43 by "" with unknown MS VC++:1916

END.
